<?xml version="1.0" encoding="UTF-8"?>
<testsuite xmlns:xsi="http://www.w3.org/2001/XMLSchema-instance" xsi:noNamespaceSchemaLocation="https://maven.apache.org/surefire/maven-surefire-plugin/xsd/surefire-test-report-3.0.xsd" version="3.0" name="com.lab7.patterns.PatternsApplicationTests" time="1.011" tests="1" errors="0" skipped="0" failures="0">
  <properties>
    <property name="java.specification.version" value="17"/>
    <property name="sun.jnu.encoding" value="UTF-8"/>
    <property name="java.class.path" value="/Users/alejandro.olivares@digitalfemsa.com/IRONHACK/ironhack_aaog_lab7_desingPatterns/target/test-classes:/Users/alejandro.olivares@digitalfemsa.com/IRONHACK/ironhack_aaog_lab7_desingPatterns/target/classes:/Users/alejandro.olivares@digitalfemsa.com/.m2/repository/org/springframework/boot/spring-boot-starter/3.3.5/spring-boot-starter-3.3.5.jar:/Users/alejandro.olivares@digitalfemsa.com/.m2/repository/org/springframework/boot/spring-boot/3.3.5/spring-boot-3.3.5.jar:/Users/alejandro.olivares@digitalfemsa.com/.m2/repository/org/springframework/spring-context/6.1.14/spring-context-6.1.14.jar:/Users/alejandro.olivares@digitalfemsa.com/.m2/repository/org/springframework/spring-aop/6.1.14/spring-aop-6.1.14.jar:/Users/alejandro.olivares@digitalfemsa.com/.m2/repository/org/springframework/spring-beans/6.1.14/spring-beans-6.1.14.jar:/Users/alejandro.olivares@digitalfemsa.com/.m2/repository/org/springframework/spring-expression/6.1.14/spring-expression-6.1.14.jar:/Users/alejandro.olivares@digitalfemsa.com/.m2/repository/io/micrometer/micrometer-observation/1.13.6/micrometer-observation-1.13.6.jar:/Users/alejandro.olivares@digitalfemsa.com/.m2/repository/io/micrometer/micrometer-commons/1.13.6/micrometer-commons-1.13.6.jar:/Users/alejandro.olivares@digitalfemsa.com/.m2/repository/org/springframework/boot/spring-boot-autoconfigure/3.3.5/spring-boot-autoconfigure-3.3.5.jar:/Users/alejandro.olivares@digitalfemsa.com/.m2/repository/org/springframework/boot/spring-boot-starter-logging/3.3.5/spring-boot-starter-logging-3.3.5.jar:/Users/alejandro.olivares@digitalfemsa.com/.m2/repository/ch/qos/logback/logback-classic/1.5.11/logback-classic-1.5.11.jar:/Users/alejandro.olivares@digitalfemsa.com/.m2/repository/ch/qos/logback/logback-core/1.5.11/logback-core-1.5.11.jar:/Users/alejandro.olivares@digitalfemsa.com/.m2/repository/org/apache/logging/log4j/log4j-to-slf4j/2.23.1/log4j-to-slf4j-2.23.1.jar:/Users/alejandro.olivares@digitalfemsa.com/.m2/repository/org/apache/logging/log4j/log4j-api/2.23.1/log4j-api-2.23.1.jar:/Users/alejandro.olivares@digitalfemsa.com/.m2/repository/org/slf4j/jul-to-slf4j/2.0.16/jul-to-slf4j-2.0.16.jar:/Users/alejandro.olivares@digitalfemsa.com/.m2/repository/jakarta/annotation/jakarta.annotation-api/2.1.1/jakarta.annotation-api-2.1.1.jar:/Users/alejandro.olivares@digitalfemsa.com/.m2/repository/org/springframework/spring-core/6.1.14/spring-core-6.1.14.jar:/Users/alejandro.olivares@digitalfemsa.com/.m2/repository/org/springframework/spring-jcl/6.1.14/spring-jcl-6.1.14.jar:/Users/alejandro.olivares@digitalfemsa.com/.m2/repository/org/yaml/snakeyaml/2.2/snakeyaml-2.2.jar:/Users/alejandro.olivares@digitalfemsa.com/.m2/repository/org/springframework/boot/spring-boot-starter-test/3.3.5/spring-boot-starter-test-3.3.5.jar:/Users/alejandro.olivares@digitalfemsa.com/.m2/repository/org/springframework/boot/spring-boot-test/3.3.5/spring-boot-test-3.3.5.jar:/Users/alejandro.olivares@digitalfemsa.com/.m2/repository/org/springframework/boot/spring-boot-test-autoconfigure/3.3.5/spring-boot-test-autoconfigure-3.3.5.jar:/Users/alejandro.olivares@digitalfemsa.com/.m2/repository/com/jayway/jsonpath/json-path/2.9.0/json-path-2.9.0.jar:/Users/alejandro.olivares@digitalfemsa.com/.m2/repository/org/slf4j/slf4j-api/2.0.16/slf4j-api-2.0.16.jar:/Users/alejandro.olivares@digitalfemsa.com/.m2/repository/jakarta/xml/bind/jakarta.xml.bind-api/4.0.2/jakarta.xml.bind-api-4.0.2.jar:/Users/alejandro.olivares@digitalfemsa.com/.m2/repository/jakarta/activation/jakarta.activation-api/2.1.3/jakarta.activation-api-2.1.3.jar:/Users/alejandro.olivares@digitalfemsa.com/.m2/repository/net/minidev/json-smart/2.5.1/json-smart-2.5.1.jar:/Users/alejandro.olivares@digitalfemsa.com/.m2/repository/net/minidev/accessors-smart/2.5.1/accessors-smart-2.5.1.jar:/Users/alejandro.olivares@digitalfemsa.com/.m2/repository/org/ow2/asm/asm/9.6/asm-9.6.jar:/Users/alejandro.olivares@digitalfemsa.com/.m2/repository/org/assertj/assertj-core/3.25.3/assertj-core-3.25.3.jar:/Users/alejandro.olivares@digitalfemsa.com/.m2/repository/net/bytebuddy/byte-buddy/1.14.19/byte-buddy-1.14.19.jar:/Users/alejandro.olivares@digitalfemsa.com/.m2/repository/org/awaitility/awaitility/4.2.2/awaitility-4.2.2.jar:/Users/alejandro.olivares@digitalfemsa.com/.m2/repository/org/hamcrest/hamcrest/2.2/hamcrest-2.2.jar:/Users/alejandro.olivares@digitalfemsa.com/.m2/repository/org/junit/jupiter/junit-jupiter/5.10.5/junit-jupiter-5.10.5.jar:/Users/alejandro.olivares@digitalfemsa.com/.m2/repository/org/junit/jupiter/junit-jupiter-api/5.10.5/junit-jupiter-api-5.10.5.jar:/Users/alejandro.olivares@digitalfemsa.com/.m2/repository/org/opentest4j/opentest4j/1.3.0/opentest4j-1.3.0.jar:/Users/alejandro.olivares@digitalfemsa.com/.m2/repository/org/junit/platform/junit-platform-commons/1.10.5/junit-platform-commons-1.10.5.jar:/Users/alejandro.olivares@digitalfemsa.com/.m2/repository/org/apiguardian/apiguardian-api/1.1.2/apiguardian-api-1.1.2.jar:/Users/alejandro.olivares@digitalfemsa.com/.m2/repository/org/junit/jupiter/junit-jupiter-params/5.10.5/junit-jupiter-params-5.10.5.jar:/Users/alejandro.olivares@digitalfemsa.com/.m2/repository/org/junit/jupiter/junit-jupiter-engine/5.10.5/junit-jupiter-engine-5.10.5.jar:/Users/alejandro.olivares@digitalfemsa.com/.m2/repository/org/junit/platform/junit-platform-engine/1.10.5/junit-platform-engine-1.10.5.jar:/Users/alejandro.olivares@digitalfemsa.com/.m2/repository/org/mockito/mockito-core/5.11.0/mockito-core-5.11.0.jar:/Users/alejandro.olivares@digitalfemsa.com/.m2/repository/net/bytebuddy/byte-buddy-agent/1.14.19/byte-buddy-agent-1.14.19.jar:/Users/alejandro.olivares@digitalfemsa.com/.m2/repository/org/objenesis/objenesis/3.3/objenesis-3.3.jar:/Users/alejandro.olivares@digitalfemsa.com/.m2/repository/org/mockito/mockito-junit-jupiter/5.11.0/mockito-junit-jupiter-5.11.0.jar:/Users/alejandro.olivares@digitalfemsa.com/.m2/repository/org/skyscreamer/jsonassert/1.5.3/jsonassert-1.5.3.jar:/Users/alejandro.olivares@digitalfemsa.com/.m2/repository/com/vaadin/external/google/android-json/0.0.20131108.vaadin1/android-json-0.0.20131108.vaadin1.jar:/Users/alejandro.olivares@digitalfemsa.com/.m2/repository/org/springframework/spring-test/6.1.14/spring-test-6.1.14.jar:/Users/alejandro.olivares@digitalfemsa.com/.m2/repository/org/xmlunit/xmlunit-core/2.9.1/xmlunit-core-2.9.1.jar:"/>
    <property name="java.vm.vendor" value="Oracle Corporation"/>
    <property name="sun.arch.data.model" value="64"/>
    <property name="java.vendor.url" value="https://java.oracle.com/"/>
    <property name="user.timezone" value="America/Mexico_City"/>
    <property name="os.name" value="Mac OS X"/>
    <property name="java.vm.specification.version" value="17"/>
    <property name="sun.java.launcher" value="SUN_STANDARD"/>
    <property name="user.country" value="MX"/>
    <property name="sun.boot.library.path" value="/Library/Java/JavaVirtualMachines/jdk-17.jdk/Contents/Home/lib"/>
    <property name="sun.java.command" value="/Users/alejandro.olivares@digitalfemsa.com/IRONHACK/ironhack_aaog_lab7_desingPatterns/target/surefire/surefirebooter-20241111174049311_3.jar /Users/alejandro.olivares@digitalfemsa.com/IRONHACK/ironhack_aaog_lab7_desingPatterns/target/surefire 2024-11-11T17-40-49_266-jvmRun1 surefire-20241111174049311_1tmp surefire_0-20241111174049311_2tmp"/>
    <property name="jdk.debug" value="release"/>
    <property name="surefire.test.class.path" value="/Users/alejandro.olivares@digitalfemsa.com/IRONHACK/ironhack_aaog_lab7_desingPatterns/target/test-classes:/Users/alejandro.olivares@digitalfemsa.com/IRONHACK/ironhack_aaog_lab7_desingPatterns/target/classes:/Users/alejandro.olivares@digitalfemsa.com/.m2/repository/org/springframework/boot/spring-boot-starter/3.3.5/spring-boot-starter-3.3.5.jar:/Users/alejandro.olivares@digitalfemsa.com/.m2/repository/org/springframework/boot/spring-boot/3.3.5/spring-boot-3.3.5.jar:/Users/alejandro.olivares@digitalfemsa.com/.m2/repository/org/springframework/spring-context/6.1.14/spring-context-6.1.14.jar:/Users/alejandro.olivares@digitalfemsa.com/.m2/repository/org/springframework/spring-aop/6.1.14/spring-aop-6.1.14.jar:/Users/alejandro.olivares@digitalfemsa.com/.m2/repository/org/springframework/spring-beans/6.1.14/spring-beans-6.1.14.jar:/Users/alejandro.olivares@digitalfemsa.com/.m2/repository/org/springframework/spring-expression/6.1.14/spring-expression-6.1.14.jar:/Users/alejandro.olivares@digitalfemsa.com/.m2/repository/io/micrometer/micrometer-observation/1.13.6/micrometer-observation-1.13.6.jar:/Users/alejandro.olivares@digitalfemsa.com/.m2/repository/io/micrometer/micrometer-commons/1.13.6/micrometer-commons-1.13.6.jar:/Users/alejandro.olivares@digitalfemsa.com/.m2/repository/org/springframework/boot/spring-boot-autoconfigure/3.3.5/spring-boot-autoconfigure-3.3.5.jar:/Users/alejandro.olivares@digitalfemsa.com/.m2/repository/org/springframework/boot/spring-boot-starter-logging/3.3.5/spring-boot-starter-logging-3.3.5.jar:/Users/alejandro.olivares@digitalfemsa.com/.m2/repository/ch/qos/logback/logback-classic/1.5.11/logback-classic-1.5.11.jar:/Users/alejandro.olivares@digitalfemsa.com/.m2/repository/ch/qos/logback/logback-core/1.5.11/logback-core-1.5.11.jar:/Users/alejandro.olivares@digitalfemsa.com/.m2/repository/org/apache/logging/log4j/log4j-to-slf4j/2.23.1/log4j-to-slf4j-2.23.1.jar:/Users/alejandro.olivares@digitalfemsa.com/.m2/repository/org/apache/logging/log4j/log4j-api/2.23.1/log4j-api-2.23.1.jar:/Users/alejandro.olivares@digitalfemsa.com/.m2/repository/org/slf4j/jul-to-slf4j/2.0.16/jul-to-slf4j-2.0.16.jar:/Users/alejandro.olivares@digitalfemsa.com/.m2/repository/jakarta/annotation/jakarta.annotation-api/2.1.1/jakarta.annotation-api-2.1.1.jar:/Users/alejandro.olivares@digitalfemsa.com/.m2/repository/org/springframework/spring-core/6.1.14/spring-core-6.1.14.jar:/Users/alejandro.olivares@digitalfemsa.com/.m2/repository/org/springframework/spring-jcl/6.1.14/spring-jcl-6.1.14.jar:/Users/alejandro.olivares@digitalfemsa.com/.m2/repository/org/yaml/snakeyaml/2.2/snakeyaml-2.2.jar:/Users/alejandro.olivares@digitalfemsa.com/.m2/repository/org/springframework/boot/spring-boot-starter-test/3.3.5/spring-boot-starter-test-3.3.5.jar:/Users/alejandro.olivares@digitalfemsa.com/.m2/repository/org/springframework/boot/spring-boot-test/3.3.5/spring-boot-test-3.3.5.jar:/Users/alejandro.olivares@digitalfemsa.com/.m2/repository/org/springframework/boot/spring-boot-test-autoconfigure/3.3.5/spring-boot-test-autoconfigure-3.3.5.jar:/Users/alejandro.olivares@digitalfemsa.com/.m2/repository/com/jayway/jsonpath/json-path/2.9.0/json-path-2.9.0.jar:/Users/alejandro.olivares@digitalfemsa.com/.m2/repository/org/slf4j/slf4j-api/2.0.16/slf4j-api-2.0.16.jar:/Users/alejandro.olivares@digitalfemsa.com/.m2/repository/jakarta/xml/bind/jakarta.xml.bind-api/4.0.2/jakarta.xml.bind-api-4.0.2.jar:/Users/alejandro.olivares@digitalfemsa.com/.m2/repository/jakarta/activation/jakarta.activation-api/2.1.3/jakarta.activation-api-2.1.3.jar:/Users/alejandro.olivares@digitalfemsa.com/.m2/repository/net/minidev/json-smart/2.5.1/json-smart-2.5.1.jar:/Users/alejandro.olivares@digitalfemsa.com/.m2/repository/net/minidev/accessors-smart/2.5.1/accessors-smart-2.5.1.jar:/Users/alejandro.olivares@digitalfemsa.com/.m2/repository/org/ow2/asm/asm/9.6/asm-9.6.jar:/Users/alejandro.olivares@digitalfemsa.com/.m2/repository/org/assertj/assertj-core/3.25.3/assertj-core-3.25.3.jar:/Users/alejandro.olivares@digitalfemsa.com/.m2/repository/net/bytebuddy/byte-buddy/1.14.19/byte-buddy-1.14.19.jar:/Users/alejandro.olivares@digitalfemsa.com/.m2/repository/org/awaitility/awaitility/4.2.2/awaitility-4.2.2.jar:/Users/alejandro.olivares@digitalfemsa.com/.m2/repository/org/hamcrest/hamcrest/2.2/hamcrest-2.2.jar:/Users/alejandro.olivares@digitalfemsa.com/.m2/repository/org/junit/jupiter/junit-jupiter/5.10.5/junit-jupiter-5.10.5.jar:/Users/alejandro.olivares@digitalfemsa.com/.m2/repository/org/junit/jupiter/junit-jupiter-api/5.10.5/junit-jupiter-api-5.10.5.jar:/Users/alejandro.olivares@digitalfemsa.com/.m2/repository/org/opentest4j/opentest4j/1.3.0/opentest4j-1.3.0.jar:/Users/alejandro.olivares@digitalfemsa.com/.m2/repository/org/junit/platform/junit-platform-commons/1.10.5/junit-platform-commons-1.10.5.jar:/Users/alejandro.olivares@digitalfemsa.com/.m2/repository/org/apiguardian/apiguardian-api/1.1.2/apiguardian-api-1.1.2.jar:/Users/alejandro.olivares@digitalfemsa.com/.m2/repository/org/junit/jupiter/junit-jupiter-params/5.10.5/junit-jupiter-params-5.10.5.jar:/Users/alejandro.olivares@digitalfemsa.com/.m2/repository/org/junit/jupiter/junit-jupiter-engine/5.10.5/junit-jupiter-engine-5.10.5.jar:/Users/alejandro.olivares@digitalfemsa.com/.m2/repository/org/junit/platform/junit-platform-engine/1.10.5/junit-platform-engine-1.10.5.jar:/Users/alejandro.olivares@digitalfemsa.com/.m2/repository/org/mockito/mockito-core/5.11.0/mockito-core-5.11.0.jar:/Users/alejandro.olivares@digitalfemsa.com/.m2/repository/net/bytebuddy/byte-buddy-agent/1.14.19/byte-buddy-agent-1.14.19.jar:/Users/alejandro.olivares@digitalfemsa.com/.m2/repository/org/objenesis/objenesis/3.3/objenesis-3.3.jar:/Users/alejandro.olivares@digitalfemsa.com/.m2/repository/org/mockito/mockito-junit-jupiter/5.11.0/mockito-junit-jupiter-5.11.0.jar:/Users/alejandro.olivares@digitalfemsa.com/.m2/repository/org/skyscreamer/jsonassert/1.5.3/jsonassert-1.5.3.jar:/Users/alejandro.olivares@digitalfemsa.com/.m2/repository/com/vaadin/external/google/android-json/0.0.20131108.vaadin1/android-json-0.0.20131108.vaadin1.jar:/Users/alejandro.olivares@digitalfemsa.com/.m2/repository/org/springframework/spring-test/6.1.14/spring-test-6.1.14.jar:/Users/alejandro.olivares@digitalfemsa.com/.m2/repository/org/xmlunit/xmlunit-core/2.9.1/xmlunit-core-2.9.1.jar:"/>
    <property name="sun.cpu.endian" value="little"/>
    <property name="user.home" value="/Users/alejandro.olivares@digitalfemsa.com"/>
    <property name="user.language" value="es"/>
    <property name="java.specification.vendor" value="Oracle Corporation"/>
    <property name="java.version.date" value="2023-01-17"/>
    <property name="java.home" value="/Library/Java/JavaVirtualMachines/jdk-17.jdk/Contents/Home"/>
    <property name="file.separator" value="/"/>
    <property name="basedir" value="/Users/alejandro.olivares@digitalfemsa.com/IRONHACK/ironhack_aaog_lab7_desingPatterns"/>
    <property name="java.vm.compressedOopsMode" value="Zero based"/>
    <property name="line.separator" value="&#10;"/>
    <property name="java.specification.name" value="Java Platform API Specification"/>
    <property name="java.vm.specification.vendor" value="Oracle Corporation"/>
    <property name="FILE_LOG_CHARSET" value="US-ASCII"/>
    <property name="java.awt.headless" value="true"/>
    <property name="surefire.real.class.path" value="/Users/alejandro.olivares@digitalfemsa.com/IRONHACK/ironhack_aaog_lab7_desingPatterns/target/surefire/surefirebooter-20241111174049311_3.jar"/>
    <property name="sun.management.compiler" value="HotSpot 64-Bit Tiered Compilers"/>
    <property name="java.runtime.version" value="17.0.6+9-LTS-190"/>
    <property name="user.name" value="alejandro.olivares@digitalfemsa.com"/>
    <property name="path.separator" value=":"/>
    <property name="os.version" value="14.5"/>
    <property name="java.runtime.name" value="Java(TM) SE Runtime Environment"/>
    <property name="file.encoding" value="US-ASCII"/>
    <property name="java.vm.name" value="Java HotSpot(TM) 64-Bit Server VM"/>
    <property name="localRepository" value="/Users/alejandro.olivares@digitalfemsa.com/.m2/repository"/>
    <property name="java.vendor.url.bug" value="https://bugreport.java.com/bugreport/"/>
    <property name="java.io.tmpdir" value="/var/folders/sl/9bcq5b0912g9wjc1tymzbh1r0000gp/T/"/>
    <property name="idea.version" value="2023.1.5"/>
    <property name="java.version" value="17.0.6"/>
    <property name="user.dir" value="/Users/alejandro.olivares@digitalfemsa.com/IRONHACK/ironhack_aaog_lab7_desingPatterns"/>
    <property name="os.arch" value="aarch64"/>
    <property name="java.vm.specification.name" value="Java Virtual Machine Specification"/>
    <property name="PID" value="26340"/>
    <property name="CONSOLE_LOG_CHARSET" value="US-ASCII"/>
    <property name="native.encoding" value="US-ASCII"/>
    <property name="java.library.path" value="/Users/alejandro.olivares@digitalfemsa.com/Library/Java/Extensions:/Library/Java/Extensions:/Network/Library/Java/Extensions:/System/Library/Java/Extensions:/usr/lib/java:."/>
    <property name="java.vm.info" value="mixed mode, sharing"/>
    <property name="java.vendor" value="Oracle Corporation"/>
    <property name="java.vm.version" value="17.0.6+9-LTS-190"/>
    <property name="sun.io.unicode.encoding" value="UnicodeBig"/>
    <property name="java.class.version" value="61.0"/>
    <property name="LOGGED_APPLICATION_NAME" value="[patterns] "/>
  </properties>
  <testcase name="contextLoads" classname="com.lab7.patterns.PatternsApplicationTests" time="0.464">
    <system-out><![CDATA[17:40:49.695 [main] INFO org.springframework.test.context.support.AnnotationConfigContextLoaderUtils -- Could not detect default configuration classes for test class [com.lab7.patterns.PatternsApplicationTests]: PatternsApplicationTests does not declare any static, non-private, non-final, nested classes annotated with @Configuration.
17:40:49.743 [main] INFO org.springframework.boot.test.context.SpringBootTestContextBootstrapper -- Found @SpringBootConfiguration com.lab7.patterns.PatternsApplication for test class com.lab7.patterns.PatternsApplicationTests

  .   ____          _            __ _ _
 /\\ / ___'_ __ _ _(_)_ __  __ _ \ \ \ \
( ( )\___ | '_ | '_| | '_ \/ _` | \ \ \ \
 \\/  ___)| |_)| | | | | || (_| |  ) ) ) )
  '  |____| .__|_| |_|_| |_\__, | / / / /
 =========|_|==============|___/=/_/_/_/

 :: Spring Boot ::                (v3.3.5)

2024-11-11T17:40:49.931-06:00  INFO 26340 --- [patterns] [           main] c.l.patterns.PatternsApplicationTests    : Starting PatternsApplicationTests using Java 17.0.6 with PID 26340 (started by alejandro.olivares@digitalfemsa.com in /Users/alejandro.olivares@digitalfemsa.com/IRONHACK/ironhack_aaog_lab7_desingPatterns)
2024-11-11T17:40:49.932-06:00  INFO 26340 --- [patterns] [           main] c.l.patterns.PatternsApplicationTests    : No active profile set, falling back to 1 default profile: "default"
2024-11-11T17:40:50.154-06:00  INFO 26340 --- [patterns] [           main] c.l.patterns.PatternsApplicationTests    : Started PatternsApplicationTests in 0.359 seconds (process running for 0.782)
]]></system-out>
  </testcase>
</testsuite>